#
# A fatal error has been detected by the Java Runtime Environment:
#
#  EXCEPTION_ACCESS_VIOLATION (0xc0000005) at pc=0x489c5205, pid=684, tid=4512
#
# JRE version: Java(TM) SE Runtime Environment (8.0_31-b13) (build 1.8.0_31-b13)
# Java VM: Java HotSpot(TM) Client VM (25.31-b07 mixed mode windows-x86 )
# Problematic frame:
# C  0x489c5205
#
# Failed to write core dump. Minidumps are not enabled by default on client versions of Windows
#
# If you would like to submit a bug report, please visit:
#   http://bugreport.java.com/bugreport/crash.jsp
# The crash happened outside the Java Virtual Machine in native code.
# See problematic frame for where to report the bug.
#

---------------  T H R E A D  ---------------

Current thread (0x454e5000):  JavaThread "Daemon worker Thread 4" [_thread_in_native, id=4512, stack(0x445f0000,0x44640000)]

siginfo: ExceptionCode=0xc0000005, writing address 0x00000005

Registers:
EAX=0x00000005, EBX=0x454e5139, ECX=0x00000000, EDX=0x453f77e4
ESP=0x4463d0c4, EBP=0x4463d0f8, ESI=0x4463d118, EDI=0x4678ff50
EIP=0x489c5205, EFLAGS=0x00010206

Top of Stack: (sp=0x4463d0c4)
0x4463d0c4:   489c0023 4463d1a4 00000000 570bca3c
0x4463d0d4:   570bcb1c 46d6cb30 00000000 00000002
0x4463d0e4:   4535fa74 499a1de0 499a1de0 4463d124
0x4463d0f4:   4463d130 4463d158 6396779d 489c5268
0x4463d104:   4535f680 4535f688 4535fa74 000003ec
0x4463d114:   01c8bad2 00000000 00000000 00000000
0x4463d124:   4463d14c 56e75ec0 454e5000 00000006
0x4463d134:   00000008 454e5000 499a1dd8 499a1de0 

Instructions: (pc=0x489c5205)
0x489c51e5:   00 00 8c 00 00 00 00 ff ff ff ff f4 51 9c 48 b6
0x489c51f5:   05 1e 01 a3 00 05 00 15 00 b3 05 11 12 43 40 06
0x489c5205:   00 00 8c d0 2a 2e 44 d0 2a 2e 44 d8 2a 2e 44 c4
0x489c5215:   2e 2e 44 ec 03 00 00 33 05 34 00 15 12 43 40 00 


Register to memory mapping:

EAX=0x00000005 is an unknown value
EBX=0x454e5139 is an unknown value
ECX=0x00000000 is an unknown value
EDX=0x453f77e4 is an unknown value
ESP=0x4463d0c4 is pointing into the stack for thread: 0x454e5000
EBP=0x4463d0f8 is pointing into the stack for thread: 0x454e5000
ESI=0x4463d118 is pointing into the stack for thread: 0x454e5000
EDI=0x4678ff50 is an unknown value


Stack: [0x445f0000,0x44640000],  sp=0x4463d0c4,  free space=308k
Native frames: (J=compiled Java code, j=interpreted, Vv=VM code, C=native code)
C  0x489c5205
C  [libaapt2_jni.dll+0x2779d]
j  com.android.tools.aapt2.Aapt2Jni.nativeCompile(Ljava/util/List;Lcom/android/tools/aapt2/Aapt2JniLogCallback;)I+0
j  com.android.tools.aapt2.Aapt2Jni.compile(Ljava/util/List;)Lcom/android/tools/aapt2/Aapt2Result;+6
j  com.android.builder.internal.aapt.v2.AaptV2Jni.lambda$compile$0(Lcom/android/ide/common/res2/CompileResourceRequest;)Ljava/io/File;+10
j  com.android.builder.internal.aapt.v2.AaptV2Jni$$Lambda$279.call()Ljava/lang/Object;+8
j  java.util.concurrent.ForkJoinTask$AdaptedCallable.exec()Z+5
j  java.util.concurrent.ForkJoinTask.doExec()I+10
j  java.util.concurrent.ForkJoinTask.externalInterruptibleAwaitDone()I+61
j  java.util.concurrent.ForkJoinTask.get()Ljava/lang/Object;+17
j  com.android.ide.common.res2.MergedResourceWriter.postWriteAction()V+635
j  com.android.ide.common.res2.MergeWriter.end()V+1
j  com.android.ide.common.res2.MergedResourceWriter.end()V+1
J 6183% C1 com.android.ide.common.res2.DataMerger.mergeData(Lcom/android/ide/common/res2/MergeConsumer;Z)V (603 bytes) @ 0x01f512cb [0x01f50840+0xa8b]
j  com.android.ide.common.res2.ResourceMerger.mergeData(Lcom/android/ide/common/res2/MergeConsumer;Z)V+7
j  com.android.build.gradle.tasks.MergeResources.doFullTaskAction()V+200
j  com.android.build.gradle.internal.tasks.IncrementalTask.taskAction(Lorg/gradle/api/tasks/incremental/IncrementalTaskInputs;)V+33
v  ~StubRoutines::call_stub
V  [jvm.dll+0x1473e5]
V  [jvm.dll+0x20d57e]
V  [jvm.dll+0x14747e]
V  [jvm.dll+0x153a6a]
V  [jvm.dll+0x153cc3]
V  [jvm.dll+0xf56d3]
C  [java.dll+0x3a75]
J 2612 C1 sun.reflect.NativeMethodAccessorImpl.invoke(Ljava/lang/Object;[Ljava/lang/Object;)Ljava/lang/Object; (104 bytes) @ 0x0212e6c3 [0x0212e440+0x283]
J 470 C1 sun.reflect.DelegatingMethodAccessorImpl.invoke(Ljava/lang/Object;[Ljava/lang/Object;)Ljava/lang/Object; (10 bytes) @ 0x01d722ff [0x01d722d0+0x2f]
J 493 C1 java.lang.reflect.Method.invoke(Ljava/lang/Object;[Ljava/lang/Object;)Ljava/lang/Object; (62 bytes) @ 0x01d774f1 [0x01d77440+0xb1]
j  org.gradle.internal.reflect.JavaMethod.invoke(Ljava/lang/Object;[Ljava/lang/Object;)Ljava/lang/Object;+6
j  org.gradle.api.internal.project.taskfactory.DefaultTaskClassInfoStore$IncrementalTaskAction.doExecute(Lorg/gradle/api/Task;Ljava/lang/String;)V+35
j  org.gradle.api.internal.project.taskfactory.DefaultTaskClassInfoStore$StandardTaskAction.execute(Lorg/gradle/api/Task;)V+32
j  org.gradle.api.internal.project.taskfactory.DefaultTaskClassInfoStore$StandardTaskAction.execute(Ljava/lang/Object;)V+5
j  org.gradle.api.internal.tasks.execution.ExecuteActionsTaskExecuter$1.run(Lorg/gradle/internal/operations/BuildOperationContext;)V+23
j  org.gradle.internal.progress.DefaultBuildOperationExecutor$RunnableBuildOperationWorker.execute(Lorg/gradle/internal/operations/RunnableBuildOperation;Lorg/gradle/internal/operations/BuildOperationContext;)V+2
j  org.gradle.internal.progress.DefaultBuildOperationExecutor$RunnableBuildOperationWorker.execute(Lorg/gradle/internal/operations/BuildOperation;Lorg/gradle/internal/operations/BuildOperationContext;)V+6
j  org.gradle.internal.progress.DefaultBuildOperationExecutor.execute(Lorg/gradle/internal/operations/BuildOperation;Lorg/gradle/internal/operations/BuildOperationWorker;Lorg/gradle/internal/progress/DefaultBuildOperationExecutor$DefaultBuildOperationState;)V+177
j  org.gradle.internal.progress.DefaultBuildOperationExecutor.run(Lorg/gradle/internal/operations/RunnableBuildOperation;)V+20
j  org.gradle.api.internal.tasks.execution.ExecuteActionsTaskExecuter.executeAction(Ljava/lang/String;Lorg/gradle/api/internal/TaskInternal;Lorg/gradle/api/internal/tasks/ContextAwareTaskAction;Lorg/gradle/api/internal/tasks/TaskExecutionContext;)V+23
j  org.gradle.api.internal.tasks.execution.ExecuteActionsTaskExecuter.executeActions(Lorg/gradle/api/internal/TaskInternal;Lorg/gradle/api/internal/tasks/TaskStateInternal;Lorg/gradle/api/internal/tasks/TaskExecutionContext;)Lorg/gradle/api/GradleException;+131
j  org.gradle.api.internal.tasks.execution.ExecuteActionsTaskExecuter.execute(Lorg/gradle/api/internal/TaskInternal;Lorg/gradle/api/internal/tasks/TaskStateInternal;Lorg/gradle/api/internal/tasks/TaskExecutionContext;)V+42
j  org.gradle.api.internal.tasks.execution.SkipUpToDateTaskExecuter.execute(Lorg/gradle/api/internal/TaskInternal;Lorg/gradle/api/internal/tasks/TaskStateInternal;Lorg/gradle/api/internal/tasks/TaskExecutionContext;)V+124
j  org.gradle.api.internal.tasks.execution.ResolveTaskOutputCachingStateExecuter.execute(Lorg/gradle/api/internal/TaskInternal;Lorg/gradle/api/internal/tasks/TaskStateInternal;Lorg/gradle/api/internal/tasks/TaskExecutionContext;)V+96
j  org.gradle.api.internal.tasks.execution.ValidatingTaskExecuter.execute(Lorg/gradle/api/internal/TaskInternal;Lorg/gradle/api/internal/tasks/TaskStateInternal;Lorg/gradle/api/internal/tasks/TaskExecutionContext;)V+215
j  org.gradle.api.internal.tasks.execution.SkipEmptySourceFilesTaskExecuter.execute(Lorg/gradle/api/internal/TaskInternal;Lorg/gradle/api/internal/tasks/TaskStateInternal;Lorg/gradle/api/internal/tasks/TaskExecutionContext;)V+335
j  org.gradle.api.internal.tasks.execution.ResolveTaskArtifactStateTaskExecuter.execute(Lorg/gradle/api/internal/TaskInternal;Lorg/gradle/api/internal/tasks/TaskStateInternal;Lorg/gradle/api/internal/tasks/TaskExecutionContext;)V+72
j  org.gradle.api.internal.tasks.execution.SkipTaskWithNoActionsExecuter.execute(Lorg/gradle/api/internal/TaskInternal;Lorg/gradle/api/internal/tasks/TaskStateInternal;Lorg/gradle/api/internal/tasks/TaskExecutionContext;)V+124
j  org.gradle.api.internal.tasks.execution.SkipOnlyIfTaskExecuter.execute(Lorg/gradle/api/internal/TaskInternal;Lorg/gradle/api/internal/tasks/TaskStateInternal;Lorg/gradle/api/internal/tasks/TaskExecutionContext;)V+85
j  org.gradle.api.internal.tasks.execution.ExecuteAtMostOnceTaskExecuter.execute(Lorg/gradle/api/internal/TaskInternal;Lorg/gradle/api/internal/tasks/TaskStateInternal;Lorg/gradle/api/internal/tasks/TaskExecutionContext;)V+26
j  org.gradle.api.internal.tasks.execution.CatchExceptionTaskExecuter.execute(Lorg/gradle/api/internal/TaskInternal;Lorg/gradle/api/internal/tasks/TaskStateInternal;Lorg/gradle/api/internal/tasks/TaskExecutionContext;)V+7
j  org.gradle.execution.taskgraph.DefaultTaskGraphExecuter$EventFiringTaskWorker$1.run(Lorg/gradle/internal/operations/BuildOperationContext;)V+56
j  org.gradle.internal.progress.DefaultBuildOperationExecutor$RunnableBuildOperationWorker.execute(Lorg/gradle/internal/operations/RunnableBuildOperation;Lorg/gradle/internal/operations/BuildOperationContext;)V+2
j  org.gradle.internal.progress.DefaultBuildOperationExecutor$RunnableBuildOperationWorker.execute(Lorg/gradle/internal/operations/BuildOperation;Lorg/gradle/internal/operations/BuildOperationContext;)V+6
j  org.gradle.internal.progress.DefaultBuildOperationExecutor.execute(Lorg/gradle/internal/operations/BuildOperation;Lorg/gradle/internal/operations/BuildOperationWorker;Lorg/gradle/internal/progress/DefaultBuildOperationExecutor$DefaultBuildOperationState;)V+177
j  org.gradle.internal.progress.DefaultBuildOperationExecutor.run(Lorg/gradle/internal/operations/RunnableBuildOperation;)V+20
j  org.gradle.execution.taskgraph.DefaultTaskGraphExecuter$EventFiringTaskWorker.execute(Lorg/gradle/api/internal/TaskInternal;)V+16
j  org.gradle.execution.taskgraph.DefaultTaskGraphExecuter$EventFiringTaskWorker.execute(Ljava/lang/Object;)V+5
j  org.gradle.execution.taskgraph.DefaultTaskPlanExecutor$TaskExecutorWorker.processTask(Lorg/gradle/execution/taskgraph/TaskInfo;)V+8
j  org.gradle.execution.taskgraph.DefaultTaskPlanExecutor$TaskExecutorWorker.access$200(Lorg/gradle/execution/taskgraph/DefaultTaskPlanExecutor$TaskExecutorWorker;Lorg/gradle/execution/taskgraph/TaskInfo;)V+2
j  org.gradle.execution.taskgraph.DefaultTaskPlanExecutor$TaskExecutorWorker$1.execute(Lorg/gradle/execution/taskgraph/TaskInfo;)V+38
j  org.gradle.execution.taskgraph.DefaultTaskPlanExecutor$TaskExecutorWorker$1.execute(Ljava/lang/Object;)V+5
j  org.gradle.execution.taskgraph.DefaultTaskExecutionPlan.execute(Lorg/gradle/execution/taskgraph/TaskInfo;Lorg/gradle/internal/work/WorkerLeaseRegistry$WorkerLease;Lorg/gradle/api/Action;)V+14
j  org.gradle.execution.taskgraph.DefaultTaskExecutionPlan.executeWithTask(Lorg/gradle/internal/work/WorkerLeaseRegistry$WorkerLease;Lorg/gradle/api/Action;)Z+53
j  org.gradle.execution.taskgraph.DefaultTaskPlanExecutor$TaskExecutorWorker.run()V+52
j  org.gradle.execution.taskgraph.DefaultTaskPlanExecutor.process(Lorg/gradle/execution/taskgraph/TaskExecutionPlan;Lorg/gradle/api/Action;)V+67
j  org.gradle.execution.taskgraph.DefaultTaskGraphExecuter.execute()V+61
j  org.gradle.execution.SelectedTaskExecutionAction.execute(Lorg/gradle/execution/BuildExecutionContext;)V+55
j  org.gradle.execution.DefaultBuildExecuter.execute(Lorg/gradle/api/internal/GradleInternal;I)V+37
j  org.gradle.execution.DefaultBuildExecuter.access$000(Lorg/gradle/execution/DefaultBuildExecuter;Lorg/gradle/api/internal/GradleInternal;I)V+3
j  org.gradle.execution.DefaultBuildExecuter$1.proceed()V+14
j  org.gradle.execution.DryRunBuildExecutionAction.execute(Lorg/gradle/execution/BuildExecutionContext;)V+121
j  org.gradle.execution.DefaultBuildExecuter.execute(Lorg/gradle/api/internal/GradleInternal;I)V+37
j  org.gradle.execution.DefaultBuildExecuter.execute(Lorg/gradle/api/internal/GradleInternal;)V+3
j  org.gradle.initialization.DefaultGradleLauncher$ExecuteTasks.run(Lorg/gradle/internal/operations/BuildOperationContext;)V+55
j  org.gradle.internal.progress.DefaultBuildOperationExecutor$RunnableBuildOperationWorker.execute(Lorg/gradle/internal/operations/RunnableBuildOperation;Lorg/gradle/internal/operations/BuildOperationContext;)V+2
j  org.gradle.internal.progress.DefaultBuildOperationExecutor$RunnableBuildOperationWorker.execute(Lorg/gradle/internal/operations/BuildOperation;Lorg/gradle/internal/operations/BuildOperationContext;)V+6
j  org.gradle.internal.progress.DefaultBuildOperationExecutor.execute(Lorg/gradle/internal/operations/BuildOperation;Lorg/gradle/internal/operations/BuildOperationWorker;Lorg/gradle/internal/progress/DefaultBuildOperationExecutor$DefaultBuildOperationState;)V+177
j  org.gradle.internal.progress.DefaultBuildOperationExecutor.run(Lorg/gradle/internal/operations/RunnableBuildOperation;)V+20
j  org.gradle.initialization.DefaultGradleLauncher.runTasks()V+53
j  org.gradle.initialization.DefaultGradleLauncher.doBuildStages(Lorg/gradle/initialization/DefaultGradleLauncher$Stage;)V+37
j  org.gradle.initialization.DefaultGradleLauncher.executeTasks()Lorg/gradle/api/internal/GradleInternal;+4
j  org.gradle.internal.invocation.GradleBuildController$1.call()Lorg/gradle/api/internal/GradleInternal;+7
j  org.gradle.internal.invocation.GradleBuildController$1.call()Ljava/lang/Object;+1
j  org.gradle.internal.work.DefaultWorkerLeaseService.withLocks(Ljava/lang/Iterable;Ljava/util/concurrent/Callable;)Ljava/lang/Object;+15
j  org.gradle.internal.invocation.GradleBuildController.doBuild(Ljava/util/concurrent/Callable;)Lorg/gradle/api/internal/GradleInternal;+52
j  org.gradle.internal.invocation.GradleBuildController.run()Lorg/gradle/api/internal/GradleInternal;+9
j  org.gradle.tooling.internal.provider.runner.BuildModelActionRunner.run(Lorg/gradle/internal/invocation/BuildAction;Lorg/gradle/internal/invocation/BuildController;)V+66
j  org.gradle.launcher.exec.ChainingBuildActionRunner.run(Lorg/gradle/internal/invocation/BuildAction;Lorg/gradle/internal/invocation/BuildController;)V+34
j  org.gradle.launcher.exec.ChainingBuildActionRunner.run(Lorg/gradle/internal/invocation/BuildAction;Lorg/gradle/internal/invocation/BuildController;)V+34
j  org.gradle.tooling.internal.provider.ValidatingBuildActionRunner.run(Lorg/gradle/internal/invocation/BuildAction;Lorg/gradle/internal/invocation/BuildController;)V+6
j  org.gradle.launcher.exec.RunAsBuildOperationBuildActionRunner$1.run(Lorg/gradle/internal/operations/BuildOperationContext;)V+15
j  org.gradle.internal.progress.DefaultBuildOperationExecutor$RunnableBuildOperationWorker.execute(Lorg/gradle/internal/operations/RunnableBuildOperation;Lorg/gradle/internal/operations/BuildOperationContext;)V+2
j  org.gradle.internal.progress.DefaultBuildOperationExecutor$RunnableBuildOperationWorker.execute(Lorg/gradle/internal/operations/BuildOperation;Lorg/gradle/internal/operations/BuildOperationContext;)V+6
j  org.gradle.internal.progress.DefaultBuildOperationExecutor.execute(Lorg/gradle/internal/operations/BuildOperation;Lorg/gradle/internal/operations/BuildOperationWorker;Lorg/gradle/internal/progress/DefaultBuildOperationExecutor$DefaultBuildOperationState;)V+177
j  org.gradle.internal.progress.DefaultBuildOperationExecutor.run(Lorg/gradle/internal/operations/RunnableBuildOperation;)V+20
j  org.gradle.launcher.exec.RunAsBuildOperationBuildActionRunner.run(Lorg/gradle/internal/invocation/BuildAction;Lorg/gradle/internal/invocation/BuildController;)V+34
j  org.gradle.tooling.internal.provider.SubscribableBuildActionRunner.run(Lorg/gradle/internal/invocation/BuildAction;Lorg/gradle/internal/invocation/BuildController;)V+40
j  org.gradle.launcher.exec.InProcessBuildActionExecuter.execute(Lorg/gradle/internal/invocation/BuildAction;Lorg/gradle/initialization/BuildRequestContext;Lorg/gradle/launcher/exec/BuildActionParameters;Lorg/gradle/internal/service/ServiceRegistry;)Ljava/lang/Object;+71
j  org.gradle.launcher.exec.InProcessBuildActionExecuter.execute(Lorg/gradle/internal/invocation/BuildAction;Lorg/gradle/initialization/BuildRequestContext;Ljava/lang/Object;Lorg/gradle/internal/service/ServiceRegistry;)Ljava/lang/Object;+9
j  org.gradle.launcher.exec.BuildTreeScopeBuildActionExecuter.execute(Lorg/gradle/internal/invocation/BuildAction;Lorg/gradle/initialization/BuildRequestContext;Lorg/gradle/launcher/exec/BuildActionParameters;Lorg/gradle/internal/service/ServiceRegistry;)Ljava/lang/Object;+41
j  org.gradle.launcher.exec.BuildTreeScopeBuildActionExecuter.execute(Lorg/gradle/internal/invocation/BuildAction;Lorg/gradle/initialization/BuildRequestContext;Ljava/lang/Object;Lorg/gradle/internal/service/ServiceRegistry;)Ljava/lang/Object;+9
...<more frames>...

Java frames: (J=compiled Java code, j=interpreted, Vv=VM code)
j  com.android.tools.aapt2.Aapt2Jni.nativeCompile(Ljava/util/List;Lcom/android/tools/aapt2/Aapt2JniLogCallback;)I+0
j  com.android.tools.aapt2.Aapt2Jni.compile(Ljava/util/List;)Lcom/android/tools/aapt2/Aapt2Result;+6
j  com.android.builder.internal.aapt.v2.AaptV2Jni.lambda$compile$0(Lcom/android/ide/common/res2/CompileResourceRequest;)Ljava/io/File;+10
j  com.android.builder.internal.aapt.v2.AaptV2Jni$$Lambda$279.call()Ljava/lang/Object;+8
j  java.util.concurrent.ForkJoinTask$AdaptedCallable.exec()Z+5
j  java.util.concurrent.ForkJoinTask.doExec()I+10
j  java.util.concurrent.ForkJoinTask.externalInterruptibleAwaitDone()I+61
j  java.util.concurrent.ForkJoinTask.get()Ljava/lang/Object;+17
j  com.android.ide.common.res2.MergedResourceWriter.postWriteAction()V+635
j  com.android.ide.common.res2.MergeWriter.end()V+1
j  com.android.ide.common.res2.MergedResourceWriter.end()V+1
J 6183% C1 com.android.ide.common.res2.DataMerger.mergeData(Lcom/android/ide/common/res2/MergeConsumer;Z)V (603 bytes) @ 0x01f512cb [0x01f50840+0xa8b]
j  com.android.ide.common.res2.ResourceMerger.mergeData(Lcom/android/ide/common/res2/MergeConsumer;Z)V+7
j  com.android.build.gradle.tasks.MergeResources.doFullTaskAction()V+200
j  com.android.build.gradle.internal.tasks.IncrementalTask.taskAction(Lorg/gradle/api/tasks/incremental/IncrementalTaskInputs;)V+33
v  ~StubRoutines::call_stub
J 2613  sun.reflect.NativeMethodAccessorImpl.invoke0(Ljava/lang/reflect/Method;Ljava/lang/Object;[Ljava/lang/Object;)Ljava/lang/Object; (0 bytes) @ 0x0212ee0d [0x0212ed90+0x7d]
J 2612 C1 sun.reflect.NativeMethodAccessorImpl.invoke(Ljava/lang/Object;[Ljava/lang/Object;)Ljava/lang/Object; (104 bytes) @ 0x0212e6c3 [0x0212e440+0x283]
J 470 C1 sun.reflect.DelegatingMethodAccessorImpl.invoke(Ljava/lang/Object;[Ljava/lang/Object;)Ljava/lang/Object; (10 bytes) @ 0x01d722ff [0x01d722d0+0x2f]
J 493 C1 java.lang.reflect.Method.invoke(Ljava/lang/Object;[Ljava/lang/Object;)Ljava/lang/Object; (62 bytes) @ 0x01d774f1 [0x01d77440+0xb1]
j  org.gradle.internal.reflect.JavaMethod.invoke(Ljava/lang/Object;[Ljava/lang/Object;)Ljava/lang/Object;+6
j  org.gradle.api.internal.project.taskfactory.DefaultTaskClassInfoStore$IncrementalTaskAction.doExecute(Lorg/gradle/api/Task;Ljava/lang/String;)V+35
j  org.gradle.api.internal.project.taskfactory.DefaultTaskClassInfoStore$StandardTaskAction.execute(Lorg/gradle/api/Task;)V+32
j  org.gradle.api.internal.project.taskfactory.DefaultTaskClassInfoStore$StandardTaskAction.execute(Ljava/lang/Object;)V+5
j  org.gradle.api.internal.tasks.execution.ExecuteActionsTaskExecuter$1.run(Lorg/gradle/internal/operations/BuildOperationContext;)V+23
j  org.gradle.internal.progress.DefaultBuildOperationExecutor$RunnableBuildOperationWorker.execute(Lorg/gradle/internal/operations/RunnableBuildOperation;Lorg/gradle/internal/operations/BuildOperationContext;)V+2
j  org.gradle.internal.progress.DefaultBuildOperationExecutor$RunnableBuildOperationWorker.execute(Lorg/gradle/internal/operations/BuildOperation;Lorg/gradle/internal/operations/BuildOperationContext;)V+6
j  org.gradle.internal.progress.DefaultBuildOperationExecutor.execute(Lorg/gradle/internal/operations/BuildOperation;Lorg/gradle/internal/operations/BuildOperationWorker;Lorg/gradle/internal/progress/DefaultBuildOperationExecutor$DefaultBuildOperationState;)V+177
j  org.gradle.internal.progress.DefaultBuildOperationExecutor.run(Lorg/gradle/internal/operations/RunnableBuildOperation;)V+20
j  org.gradle.api.internal.tasks.execution.ExecuteActionsTaskExecuter.executeAction(Ljava/lang/String;Lorg/gradle/api/internal/TaskInternal;Lorg/gradle/api/internal/tasks/ContextAwareTaskAction;Lorg/gradle/api/internal/tasks/TaskExecutionContext;)V+23
j  org.gradle.api.internal.tasks.execution.ExecuteActionsTaskExecuter.executeActions(Lorg/gradle/api/internal/TaskInternal;Lorg/gradle/api/internal/tasks/TaskStateInternal;Lorg/gradle/api/internal/tasks/TaskExecutionContext;)Lorg/gradle/api/GradleException;+131
j  org.gradle.api.internal.tasks.execution.ExecuteActionsTaskExecuter.execute(Lorg/gradle/api/internal/TaskInternal;Lorg/gradle/api/internal/tasks/TaskStateInternal;Lorg/gradle/api/internal/tasks/TaskExecutionContext;)V+42
j  org.gradle.api.internal.tasks.execution.SkipUpToDateTaskExecuter.execute(Lorg/gradle/api/internal/TaskInternal;Lorg/gradle/api/internal/tasks/TaskStateInternal;Lorg/gradle/api/internal/tasks/TaskExecutionContext;)V+124
j  org.gradle.api.internal.tasks.execution.ResolveTaskOutputCachingStateExecuter.execute(Lorg/gradle/api/internal/TaskInternal;Lorg/gradle/api/internal/tasks/TaskStateInternal;Lorg/gradle/api/internal/tasks/TaskExecutionContext;)V+96
j  org.gradle.api.internal.tasks.execution.ValidatingTaskExecuter.execute(Lorg/gradle/api/internal/TaskInternal;Lorg/gradle/api/internal/tasks/TaskStateInternal;Lorg/gradle/api/internal/tasks/TaskExecutionContext;)V+215
j  org.gradle.api.internal.tasks.execution.SkipEmptySourceFilesTaskExecuter.execute(Lorg/gradle/api/internal/TaskInternal;Lorg/gradle/api/internal/tasks/TaskStateInternal;Lorg/gradle/api/internal/tasks/TaskExecutionContext;)V+335
j  org.gradle.api.internal.tasks.execution.ResolveTaskArtifactStateTaskExecuter.execute(Lorg/gradle/api/internal/TaskInternal;Lorg/gradle/api/internal/tasks/TaskStateInternal;Lorg/gradle/api/internal/tasks/TaskExecutionContext;)V+72
j  org.gradle.api.internal.tasks.execution.SkipTaskWithNoActionsExecuter.execute(Lorg/gradle/api/internal/TaskInternal;Lorg/gradle/api/internal/tasks/TaskStateInternal;Lorg/gradle/api/internal/tasks/TaskExecutionContext;)V+124
j  org.gradle.api.internal.tasks.execution.SkipOnlyIfTaskExecuter.execute(Lorg/gradle/api/internal/TaskInternal;Lorg/gradle/api/internal/tasks/TaskStateInternal;Lorg/gradle/api/internal/tasks/TaskExecutionContext;)V+85
j  org.gradle.api.internal.tasks.execution.ExecuteAtMostOnceTaskExecuter.execute(Lorg/gradle/api/internal/TaskInternal;Lorg/gradle/api/internal/tasks/TaskStateInternal;Lorg/gradle/api/internal/tasks/TaskExecutionContext;)V+26
j  org.gradle.api.internal.tasks.execution.CatchExceptionTaskExecuter.execute(Lorg/gradle/api/internal/TaskInternal;Lorg/gradle/api/internal/tasks/TaskStateInternal;Lorg/gradle/api/internal/tasks/TaskExecutionContext;)V+7
j  org.gradle.execution.taskgraph.DefaultTaskGraphExecuter$EventFiringTaskWorker$1.run(Lorg/gradle/internal/operations/BuildOperationContext;)V+56
j  org.gradle.internal.progress.DefaultBuildOperationExecutor$RunnableBuildOperationWorker.execute(Lorg/gradle/internal/operations/RunnableBuildOperation;Lorg/gradle/internal/operations/BuildOperationContext;)V+2
j  org.gradle.internal.progress.DefaultBuildOperationExecutor$RunnableBuildOperationWorker.execute(Lorg/gradle/internal/operations/BuildOperation;Lorg/gradle/internal/operations/BuildOperationContext;)V+6
j  org.gradle.internal.progress.DefaultBuildOperationExecutor.execute(Lorg/gradle/internal/operations/BuildOperation;Lorg/gradle/internal/operations/BuildOperationWorker;Lorg/gradle/internal/progress/DefaultBuildOperationExecutor$DefaultBuildOperationState;)V+177
j  org.gradle.internal.progress.DefaultBuildOperationExecutor.run(Lorg/gradle/internal/operations/RunnableBuildOperation;)V+20
j  org.gradle.execution.taskgraph.DefaultTaskGraphExecuter$EventFiringTaskWorker.execute(Lorg/gradle/api/internal/TaskInternal;)V+16
j  org.gradle.execution.taskgraph.DefaultTaskGraphExecuter$EventFiringTaskWorker.execute(Ljava/lang/Object;)V+5
j  org.gradle.execution.taskgraph.DefaultTaskPlanExecutor$TaskExecutorWorker.processTask(Lorg/gradle/execution/taskgraph/TaskInfo;)V+8
j  org.gradle.execution.taskgraph.DefaultTaskPlanExecutor$TaskExecutorWorker.access$200(Lorg/gradle/execution/taskgraph/DefaultTaskPlanExecutor$TaskExecutorWorker;Lorg/gradle/execution/taskgraph/TaskInfo;)V+2
j  org.gradle.execution.taskgraph.DefaultTaskPlanExecutor$TaskExecutorWorker$1.execute(Lorg/gradle/execution/taskgraph/TaskInfo;)V+38
j  org.gradle.execution.taskgraph.DefaultTaskPlanExecutor$TaskExecutorWorker$1.execute(Ljava/lang/Object;)V+5
j  org.gradle.execution.taskgraph.DefaultTaskExecutionPlan.execute(Lorg/gradle/execution/taskgraph/TaskInfo;Lorg/gradle/internal/work/WorkerLeaseRegistry$WorkerLease;Lorg/gradle/api/Action;)V+14
j  org.gradle.execution.taskgraph.DefaultTaskExecutionPlan.executeWithTask(Lorg/gradle/internal/work/WorkerLeaseRegistry$WorkerLease;Lorg/gradle/api/Action;)Z+53
j  org.gradle.execution.taskgraph.DefaultTaskPlanExecutor$TaskExecutorWorker.run()V+52
j  org.gradle.execution.taskgraph.DefaultTaskPlanExecutor.process(Lorg/gradle/execution/taskgraph/TaskExecutionPlan;Lorg/gradle/api/Action;)V+67
j  org.gradle.execution.taskgraph.DefaultTaskGraphExecuter.execute()V+61
j  org.gradle.execution.SelectedTaskExecutionAction.execute(Lorg/gradle/execution/BuildExecutionContext;)V+55
j  org.gradle.execution.DefaultBuildExecuter.execute(Lorg/gradle/api/internal/GradleInternal;I)V+37
j  org.gradle.execution.DefaultBuildExecuter.access$000(Lorg/gradle/execution/DefaultBuildExecuter;Lorg/gradle/api/internal/GradleInternal;I)V+3
j  org.gradle.execution.DefaultBuildExecuter$1.proceed()V+14
j  org.gradle.execution.DryRunBuildExecutionAction.execute(Lorg/gradle/execution/BuildExecutionContext;)V+121
j  org.gradle.execution.DefaultBuildExecuter.execute(Lorg/gradle/api/internal/GradleInternal;I)V+37
j  org.gradle.execution.DefaultBuildExecuter.execute(Lorg/gradle/api/internal/GradleInternal;)V+3
j  org.gradle.initialization.DefaultGradleLauncher$ExecuteTasks.run(Lorg/gradle/internal/operations/BuildOperationContext;)V+55
j  org.gradle.internal.progress.DefaultBuildOperationExecutor$RunnableBuildOperationWorker.execute(Lorg/gradle/internal/operations/RunnableBuildOperation;Lorg/gradle/internal/operations/BuildOperationContext;)V+2
j  org.gradle.internal.progress.DefaultBuildOperationExecutor$RunnableBuildOperationWorker.execute(Lorg/gradle/internal/operations/BuildOperation;Lorg/gradle/internal/operations/BuildOperationContext;)V+6
j  org.gradle.internal.progress.DefaultBuildOperationExecutor.execute(Lorg/gradle/internal/operations/BuildOperation;Lorg/gradle/internal/operations/BuildOperationWorker;Lorg/gradle/internal/progress/DefaultBuildOperationExecutor$DefaultBuildOperationState;)V+177
j  org.gradle.internal.progress.DefaultBuildOperationExecutor.run(Lorg/gradle/internal/operations/RunnableBuildOperation;)V+20
j  org.gradle.initialization.DefaultGradleLauncher.runTasks()V+53
j  org.gradle.initialization.DefaultGradleLauncher.doBuildStages(Lorg/gradle/initialization/DefaultGradleLauncher$Stage;)V+37
j  org.gradle.initialization.DefaultGradleLauncher.executeTasks()Lorg/gradle/api/internal/GradleInternal;+4
j  org.gradle.internal.invocation.GradleBuildController$1.call()Lorg/gradle/api/internal/GradleInternal;+7
j  org.gradle.internal.invocation.GradleBuildController$1.call()Ljava/lang/Object;+1
j  org.gradle.internal.work.DefaultWorkerLeaseService.withLocks(Ljava/lang/Iterable;Ljava/util/concurrent/Callable;)Ljava/lang/Object;+15
j  org.gradle.internal.invocation.GradleBuildController.doBuild(Ljava/util/concurrent/Callable;)Lorg/gradle/api/internal/GradleInternal;+52
j  org.gradle.internal.invocation.GradleBuildController.run()Lorg/gradle/api/internal/GradleInternal;+9
j  org.gradle.tooling.internal.provider.runner.BuildModelActionRunner.run(Lorg/gradle/internal/invocation/BuildAction;Lorg/gradle/internal/invocation/BuildController;)V+66
j  org.gradle.launcher.exec.ChainingBuildActionRunner.run(Lorg/gradle/internal/invocation/BuildAction;Lorg/gradle/internal/invocation/BuildController;)V+34
j  org.gradle.launcher.exec.ChainingBuildActionRunner.run(Lorg/gradle/internal/invocation/BuildAction;Lorg/gradle/internal/invocation/BuildController;)V+34
j  org.gradle.tooling.internal.provider.ValidatingBuildActionRunner.run(Lorg/gradle/internal/invocation/BuildAction;Lorg/gradle/internal/invocation/BuildController;)V+6
j  org.gradle.launcher.exec.RunAsBuildOperationBuildActionRunner$1.run(Lorg/gradle/internal/operations/BuildOperationContext;)V+15
j  org.gradle.internal.progress.DefaultBuildOperationExecutor$RunnableBuildOperationWorker.execute(Lorg/gradle/internal/operations/RunnableBuildOperation;Lorg/gradle/internal/operations/BuildOperationContext;)V+2
j  org.gradle.internal.progress.DefaultBuildOperationExecutor$RunnableBuildOperationWorker.execute(Lorg/gradle/internal/operations/BuildOperation;Lorg/gradle/internal/operations/BuildOperationContext;)V+6
j  org.gradle.internal.progress.DefaultBuildOperationExecutor.execute(Lorg/gradle/internal/operations/BuildOperation;Lorg/gradle/internal/operations/BuildOperationWorker;Lorg/gradle/internal/progress/DefaultBuildOperationExecutor$DefaultBuildOperationState;)V+177
j  org.gradle.internal.progress.DefaultBuildOperationExecutor.run(Lorg/gradle/internal/operations/RunnableBuildOperation;)V+20
j  org.gradle.launcher.exec.RunAsBuildOperationBuildActionRunner.run(Lorg/gradle/internal/invocation/BuildAction;Lorg/gradle/internal/invocation/BuildController;)V+34
j  org.gradle.tooling.internal.provider.SubscribableBuildActionRunner.run(Lorg/gradle/internal/invocation/BuildAction;Lorg/gradle/internal/invocation/BuildController;)V+40
j  org.gradle.launcher.exec.InProcessBuildActionExecuter.execute(Lorg/gradle/internal/invocation/BuildAction;Lorg/gradle/initialization/BuildRequestContext;Lorg/gradle/launcher/exec/BuildActionParameters;Lorg/gradle/internal/service/ServiceRegistry;)Ljava/lang/Object;+71
j  org.gradle.launcher.exec.InProcessBuildActionExecuter.execute(Lorg/gradle/internal/invocation/BuildAction;Lorg/gradle/initialization/BuildRequestContext;Ljava/lang/Object;Lorg/gradle/internal/service/ServiceRegistry;)Ljava/lang/Object;+9
j  org.gradle.launcher.exec.BuildTreeScopeBuildActionExecuter.execute(Lorg/gradle/internal/invocation/BuildAction;Lorg/gradle/initialization/BuildRequestContext;Lorg/gradle/launcher/exec/BuildActionParameters;Lorg/gradle/internal/service/ServiceRegistry;)Ljava/lang/Object;+41
j  org.gradle.launcher.exec.BuildTreeScopeBuildActionExecuter.execute(Lorg/gradle/internal/invocation/BuildAction;Lorg/gradle/initialization/BuildRequestContext;Ljava/lang/Object;Lorg/gradle/internal/service/ServiceRegistry;)Ljava/lang/Object;+9
j  org.gradle.tooling.internal.provider.ContinuousBuildActionExecuter.execute(Lorg/gradle/internal/invocation/BuildAction;Lorg/gradle/initialization/BuildRequestContext;Lorg/gradle/launcher/exec/BuildActionParameters;Lorg/gradle/internal/service/ServiceRegistry;)Ljava/lang/Object;+28
j  org.gradle.tooling.internal.provider.ContinuousBuildActionExecuter.execute(Lorg/gradle/internal/invocation/BuildAction;Lorg/gradle/initialization/BuildRequestContext;Ljava/lang/Object;Lorg/gradle/internal/service/ServiceRegistry;)Ljava/lang/Object;+9
j  org.gradle.tooling.internal.provider.ServicesSetupBuildActionExecuter.execute(Lorg/gradle/internal/invocation/BuildAction;Lorg/gradle/initialization/BuildRequestContext;Lorg/gradle/launcher/exec/BuildActionParameters;Lorg/gradle/internal/service/ServiceRegistry;)Ljava/lang/Object;+85
j  org.gradle.tooling.internal.provider.ServicesSetupBuildActionExecuter.execute(Lorg/gradle/internal/invocation/BuildAction;Lorg/gradle/initialization/BuildRequestContext;Ljava/lang/Object;Lorg/gradle/internal/service/ServiceRegistry;)Ljava/lang/Object;+9
j  org.gradle.tooling.internal.provider.GradleThreadBuildActionExecuter.execute(Lorg/gradle/internal/invocation/BuildAction;Lorg/gradle/initialization/BuildRequestContext;Lorg/gradle/launcher/exec/BuildActionParameters;Lorg/gradle/internal/service/ServiceRegistry;)Ljava/lang/Object;+12
j  org.gradle.tooling.internal.provider.GradleThreadBuildActionExecuter.execute(Lorg/gradle/internal/invocation/BuildAction;Lorg/gradle/initialization/BuildRequestContext;Ljava/lang/Object;Lorg/gradle/internal/service/ServiceRegistry;)Ljava/lang/Object;+9
j  org.gradle.tooling.internal.provider.ParallelismConfigurationBuildActionExecuter.execute(Lorg/gradle/internal/invocation/BuildAction;Lorg/gradle/initialization/BuildRequestContext;Lorg/gradle/launcher/exec/BuildActionParameters;Lorg/gradle/internal/service/ServiceRegistry;)Ljava/lang/Object;+43
j  org.gradle.tooling.internal.provider.ParallelismConfigurationBuildActionExecuter.execute(Lorg/gradle/internal/invocation/BuildAction;Lorg/gradle/initialization/BuildRequestContext;Ljava/lang/Object;Lorg/gradle/internal/service/ServiceRegistry;)Ljava/lang/Object;+9
j  org.gradle.tooling.internal.provider.StartParamsValidatingActionExecuter.execute(Lorg/gradle/internal/invocation/BuildAction;Lorg/gradle/initialization/BuildRequestContext;Lorg/gradle/launcher/exec/BuildActionParameters;Lorg/gradle/internal/service/ServiceRegistry;)Ljava/lang/Object;+257
j  org.gradle.tooling.internal.provider.StartParamsValidatingActionExecuter.execute(Lorg/gradle/internal/invocation/BuildAction;Lorg/gradle/initialization/BuildRequestContext;Ljava/lang/Object;Lorg/gradle/internal/service/ServiceRegistry;)Ljava/lang/Object;+9
j  org.gradle.tooling.internal.provider.SessionFailureReportingActionExecuter.execute(Lorg/gradle/internal/invocation/BuildAction;Lorg/gradle/initialization/BuildRequestContext;Lorg/gradle/launcher/exec/BuildActionParameters;Lorg/gradle/internal/service/ServiceRegistry;)Ljava/lang/Object;+9
j  org.gradle.tooling.internal.provider.SessionFailureReportingActionExecuter.execute(Lorg/gradle/internal/invocation/BuildAction;Lorg/gradle/initialization/BuildRequestContext;Ljava/lang/Object;Lorg/gradle/internal/service/ServiceRegistry;)Ljava/lang/Object;+9
j  org.gradle.tooling.internal.provider.SetupLoggingActionExecuter.execute(Lorg/gradle/internal/invocation/BuildAction;Lorg/gradle/initialization/BuildRequestContext;Lorg/gradle/launcher/exec/BuildActionParameters;Lorg/gradle/internal/service/ServiceRegistry;)Ljava/lang/Object;+69
j  org.gradle.tooling.internal.provider.SetupLoggingActionExecuter.execute(Lorg/gradle/internal/invocation/BuildAction;Lorg/gradle/initialization/BuildRequestContext;Ljava/lang/Object;Lorg/gradle/internal/service/ServiceRegistry;)Ljava/lang/Object;+9
j  org.gradle.launcher.daemon.server.exec.ExecuteBuild.doBuild(Lorg/gradle/launcher/daemon/server/api/DaemonCommandExecution;Lorg/gradle/launcher/daemon/protocol/Build;)V+114
j  org.gradle.launcher.daemon.server.exec.BuildCommandOnly.execute(Lorg/gradle/launcher/daemon/server/api/DaemonCommandExecution;)V+49
j  org.gradle.launcher.daemon.server.api.DaemonCommandExecution.proceed()Z+28
j  org.gradle.launcher.daemon.server.exec.WatchForDisconnection.execute(Lorg/gradle/launcher/daemon/server/api/DaemonCommandExecution;)V+19
j  org.gradle.launcher.daemon.server.api.DaemonCommandExecution.proceed()Z+28
j  org.gradle.launcher.daemon.server.exec.ResetDeprecationLogger.execute(Lorg/gradle/launcher/daemon/server/api/DaemonCommandExecution;)V+4
j  org.gradle.launcher.daemon.server.api.DaemonCommandExecution.proceed()Z+28
j  org.gradle.launcher.daemon.server.exec.RequestStopIfSingleUsedDaemon.execute(Lorg/gradle/launcher/daemon/server/api/DaemonCommandExecution;)V+33
j  org.gradle.launcher.daemon.server.api.DaemonCommandExecution.proceed()Z+28
j  org.gradle.launcher.daemon.server.exec.ForwardClientInput$2.call()Ljava/lang/Void;+4
j  org.gradle.launcher.daemon.server.exec.ForwardClientInput$2.call()Ljava/lang/Object;+1
j  org.gradle.util.Swapper.swap(Ljava/lang/Object;Ljava/util/concurrent/Callable;)Ljava/lang/Object;+21
j  org.gradle.launcher.daemon.server.exec.ForwardClientInput.execute(Lorg/gradle/launcher/daemon/server/api/DaemonCommandExecution;)V+63
j  org.gradle.launcher.daemon.server.api.DaemonCommandExecution.proceed()Z+28
j  org.gradle.launcher.daemon.server.exec.LogAndCheckHealth.execute(Lorg/gradle/launcher/daemon/server/api/DaemonCommandExecution;)V+28
j  org.gradle.launcher.daemon.server.api.DaemonCommandExecution.proceed()Z+28
j  org.gradle.launcher.daemon.server.exec.LogToClient.doBuild(Lorg/gradle/launcher/daemon/server/api/DaemonCommandExecution;Lorg/gradle/launcher/daemon/protocol/Build;)V+87
j  org.gradle.launcher.daemon.server.exec.BuildCommandOnly.execute(Lorg/gradle/launcher/daemon/server/api/DaemonCommandExecution;)V+49
j  org.gradle.launcher.daemon.server.api.DaemonCommandExecution.proceed()Z+28
j  org.gradle.launcher.daemon.server.exec.EstablishBuildEnvironment.doBuild(Lorg/gradle/launcher/daemon/server/api/DaemonCommandExecution;Lorg/gradle/launcher/daemon/protocol/Build;)V+365
j  org.gradle.launcher.daemon.server.exec.BuildCommandOnly.execute(Lorg/gradle/launcher/daemon/server/api/DaemonCommandExecution;)V+49
j  org.gradle.launcher.daemon.server.api.DaemonCommandExecution.proceed()Z+28
j  org.gradle.launcher.daemon.server.exec.StartBuildOrRespondWithBusy$1.run()V+44
j  org.gradle.launcher.daemon.server.DaemonStateCoordinator$1.run()V+4
J 3998 C1 org.gradle.internal.concurrent.ExecutorPolicy$CatchAndRecordFailures.onExecute(Ljava/lang/Runnable;)V (29 bytes) @ 0x01f40352 [0x01f40320+0x32]
j  org.gradle.internal.concurrent.ManagedExecutorImpl$1.run()V+25
J 4629 C1 java.util.concurrent.ThreadPoolExecutor.runWorker(Ljava/util/concurrent/ThreadPoolExecutor$Worker;)V (225 bytes) @ 0x02036e99 [0x02036ce0+0x1b9]
j  java.util.concurrent.ThreadPoolExecutor$Worker.run()V+5
j  org.gradle.internal.concurrent.ThreadFactoryImpl$ManagedThreadRunnable.run()V+7
j  java.lang.Thread.run()V+11
v  ~StubRoutines::call_stub

---------------  P R O C E S S  ---------------

Java Threads: ( => current thread )
  0x454e9800 JavaThread "ForkJoinPool.commonPool-worker-1" daemon [_thread_blocked, id=5232, stack(0x4a0d0000,0x4a120000)]
  0x454e9000 JavaThread "Cache worker for task history cache (C:\Users\PETERR\AndroidStudioProjects\Kinwae\.gradle\4.1-rc-1\taskHistory)" [_thread_blocked, id=3024, stack(0x47a50000,0x47aa0000)]
  0x454e8800 JavaThread "build operations" [_thread_blocked, id=2964, stack(0x479e0000,0x47a30000)]
  0x454e8400 JavaThread "Cache worker for Artifact transforms cache (C:\Users\PETERR\.gradle\caches\transforms-1)" [_thread_blocked, id=4636, stack(0x45a90000,0x45ae0000)]
  0x454e7800 JavaThread "Cache worker for file hash cache (C:\Users\PETERR\AndroidStudioProjects\Kinwae\.gradle\4.1-rc-1\fileHashes)" [_thread_blocked, id=796, stack(0x45a40000,0x45a90000)]
  0x454e7000 JavaThread "Stdin handler" [_thread_blocked, id=4276, stack(0x47620000,0x47670000)]
  0x454e6c00 JavaThread "Asynchronous log dispatcher for DefaultDaemonConnection: socket connection from /127.0.0.1:49168 to /127.0.0.1:49191" [_thread_blocked, id=3932, stack(0x46fb0000,0x47000000)]
=>0x454e5000 JavaThread "Daemon worker Thread 4" [_thread_in_native, id=4512, stack(0x445f0000,0x44640000)]
  0x454e5800 JavaThread "Cancel handler" [_thread_blocked, id=4356, stack(0x45900000,0x45950000)]
  0x454e5c00 JavaThread "Handler for socket connection from /127.0.0.1:49168 to /127.0.0.1:49191" [_thread_in_native, id=2068, stack(0x45950000,0x459a0000)]
  0x454e4c00 JavaThread "Daemon Thread 4" [_thread_blocked, id=2652, stack(0x459a0000,0x459f0000)]
  0x454e6400 JavaThread "Memory manager" [_thread_blocked, id=2120, stack(0x48090000,0x480e0000)]
  0x442f0800 JavaThread "File lock request listener" [_thread_in_native, id=3416, stack(0x45ef0000,0x45f40000)]
  0x442f0000 JavaThread "Cache worker for file hash cache (C:\Users\PETERR\.gradle\caches\4.1-rc-1\fileHashes)" [_thread_blocked, id=1788, stack(0x45ea0000,0x45ef0000)]
  0x453a3800 JavaThread "Daemon periodic checks" [_thread_blocked, id=1324, stack(0x44800000,0x44850000)]
  0x453a2000 JavaThread "Incoming local TCP Connector on port 49168" [_thread_in_native, id=2664, stack(0x457b0000,0x45800000)]
  0x45320c00 JavaThread "Daemon health stats" [_thread_blocked, id=2636, stack(0x45630000,0x45680000)]
  0x442a7800 JavaThread "Service Thread" daemon [_thread_blocked, id=3500, stack(0x44760000,0x447b0000)]
  0x442b3000 JavaThread "C1 CompilerThread0" daemon [_thread_blocked, id=200, stack(0x03db0000,0x03e00000)]
  0x442b2400 JavaThread "Attach Listener" daemon [_thread_blocked, id=3108, stack(0x447b0000,0x44800000)]
  0x442af000 JavaThread "Signal Dispatcher" daemon [_thread_blocked, id=2864, stack(0x444f0000,0x44540000)]
  0x44265400 JavaThread "Finalizer" daemon [_thread_blocked, id=672, stack(0x44650000,0x446a0000)]
  0x44264000 JavaThread "Reference Handler" daemon [_thread_blocked, id=2072, stack(0x44490000,0x444e0000)]
  0x00944400 JavaThread "main" [_thread_blocked, id=1012, stack(0x00aa0000,0x00af0000)]

Other Threads:
  0x44260c00 VMThread [stack: 0x44580000,0x445d0000] [id=2064]
  0x442a8800 WatcherThread [stack: 0x448b0000,0x44900000] [id=2604]

VM state:not at safepoint (normal execution)

VM Mutex/Monitor currently owned by a thread: None

Heap:
 def new generation   total 28352K, used 10688K [0x03e00000, 0x05cc0000, 0x19350000)
  eden space 25216K,  42% used [0x03e00000, 0x048702a0, 0x056a0000)
  from space 3136K,   0% used [0x056a0000, 0x056a0000, 0x059b0000)
  to   space 3136K,   0% used [0x059b0000, 0x059b0000, 0x05cc0000)
 tenured generation   total 62788K, used 37672K [0x19350000, 0x1d0a1000, 0x43e00000)
   the space 62788K,  59% used [0x19350000, 0x1b81a2e8, 0x1b81a400, 0x1d0a1000)
 Metaspace       used 37364K, capacity 38509K, committed 39424K, reserved 40320K

Card table byte_map: [0x00af0000,0x00d00000] byte_map_base: 0x00ad1000

Polling page: 0x00490000

CodeCache: size=32768Kb used=5912Kb max_used=6254Kb free=26855Kb
 bounds [0x01c40000, 0x02268000, 0x03c40000]
 total_blobs=3445 nmethods=2983 adapters=392
 compilation: enabled

Compilation events (10 events):
Event: 1368.788 Thread 0x442b3000 6239             java.lang.Integer::hashCode (2 bytes)
Event: 1368.788 Thread 0x442b3000 nmethod 6239 0x0210d388 code [0x0210d480, 0x0210d4f0]
Event: 1368.788 Thread 0x442b3000 6240             com.sun.org.apache.xerces.internal.dom.ElementImpl::getTagName (16 bytes)
Event: 1368.789 Thread 0x442b3000 nmethod 6240 0x0210d188 code [0x0210d290, 0x0210d33c]
Event: 1368.790 Thread 0x442b3000 6241             com.android.utils.PositionXmlParser::getPositionHelper (757 bytes)
Event: 1368.795 Thread 0x442b3000 nmethod 6241 0x02109a08 code [0x02109df0, 0x0210b2dc]
Event: 1368.796 Thread 0x442b3000 6242             com.android.ide.common.blame.SourceFilePosition::equals (55 bytes)
Event: 1368.797 Thread 0x442b3000 nmethod 6242 0x021095c8 code [0x021096e0, 0x021098c4]
Event: 1368.809 Thread 0x442b3000 6243             sun.nio.cs.UTF_8$Encoder::encodeArrayLoop (489 bytes)
Event: 1368.812 Thread 0x442b3000 nmethod 6243 0x02164508 code [0x02164850, 0x021654e4]

GC Heap History (10 events):
Event: 1342.746 GC heap before
{Heap before GC invocations=134 (full 6):
 def new generation   total 22272K, used 20693K [0x03e00000, 0x05620000, 0x19350000)
  eden space 19840K, 100% used [0x03e00000, 0x05160000, 0x05160000)
  from space 2432K,  35% used [0x053c0000, 0x05495408, 0x05620000)
  to   space 2432K,   0% used [0x05160000, 0x05160000, 0x053c0000)
 tenured generation   total 49252K, used 45238K [0x19350000, 0x1c369000, 0x43e00000)
   the space 49252K,  91% used [0x19350000, 0x1bf7d838, 0x1bf7da00, 0x1c369000)
 Metaspace       used 37481K, capacity 38816K, committed 38912K, reserved 39296K
Event: 1342.758 GC heap after
Heap after GC invocations=135 (full 6):
 def new generation   total 22272K, used 1802K [0x03e00000, 0x05620000, 0x19350000)
  eden space 19840K,   0% used [0x03e00000, 0x03e00000, 0x05160000)
  from space 2432K,  74% used [0x05160000, 0x05322a90, 0x053c0000)
  to   space 2432K,   0% used [0x053c0000, 0x053c0000, 0x05620000)
 tenured generation   total 49252K, used 45238K [0x19350000, 0x1c369000, 0x43e00000)
   the space 49252K,  91% used [0x19350000, 0x1bf7d838, 0x1bf7da00, 0x1c369000)
 Metaspace       used 37481K, capacity 38816K, committed 38912K, reserved 39296K
}
Event: 1343.846 GC heap before
{Heap before GC invocations=135 (full 6):
 def new generation   total 22272K, used 21642K [0x03e00000, 0x05620000, 0x19350000)
  eden space 19840K, 100% used [0x03e00000, 0x05160000, 0x05160000)
  from space 2432K,  74% used [0x05160000, 0x05322a90, 0x053c0000)
  to   space 2432K,   0% used [0x053c0000, 0x053c0000, 0x05620000)
 tenured generation   total 49252K, used 45238K [0x19350000, 0x1c369000, 0x43e00000)
   the space 49252K,  91% used [0x19350000, 0x1bf7d838, 0x1bf7da00, 0x1c369000)
 Metaspace       used 37524K, capacity 38874K, committed 38912K, reserved 39296K
Event: 1343.866 GC heap after
Heap after GC invocations=136 (full 6):
 def new generation   total 22272K, used 1857K [0x03e00000, 0x05620000, 0x19350000)
  eden space 19840K,   0% used [0x03e00000, 0x03e00000, 0x05160000)
  from space 2432K,  76% used [0x053c0000, 0x05590500, 0x05620000)
  to   space 2432K,   0% used [0x05160000, 0x05160000, 0x053c0000)
 tenured generation   total 49252K, used 46404K [0x19350000, 0x1c369000, 0x43e00000)
   the space 49252K,  94% used [0x19350000, 0x1c0a12f0, 0x1c0a1400, 0x1c369000)
 Metaspace       used 37524K, capacity 38874K, committed 38912K, reserved 39296K
}
Event: 1352.950 GC heap before
{Heap before GC invocations=136 (full 6):
 def new generation   total 22272K, used 21697K [0x03e00000, 0x05620000, 0x19350000)
  eden space 19840K, 100% used [0x03e00000, 0x05160000, 0x05160000)
  from space 2432K,  76% used [0x053c0000, 0x05590500, 0x05620000)
  to   space 2432K,   0% used [0x05160000, 0x05160000, 0x053c0000)
 tenured generation   total 49252K, used 46404K [0x19350000, 0x1c369000, 0x43e00000)
   the space 49252K,  94% used [0x19350000, 0x1c0a12f0, 0x1c0a1400, 0x1c369000)
 Metaspace       used 37980K, capacity 39342K, committed 39424K, reserved 40320K
Event: 1352.971 GC heap after
Heap after GC invocations=137 (full 6):
 def new generation   total 22272K, used 1529K [0x03e00000, 0x05620000, 0x19350000)
  eden space 19840K,   0% used [0x03e00000, 0x03e00000, 0x05160000)
  from space 2432K,  62% used [0x05160000, 0x052de488, 0x053c0000)
  to   space 2432K,   0% used [0x053c0000, 0x053c0000, 0x05620000)
 tenured generation   total 49252K, used 47847K [0x19350000, 0x1c369000, 0x43e00000)
   the space 49252K,  97% used [0x19350000, 0x1c209f00, 0x1c20a000, 0x1c369000)
 Metaspace       used 37980K, capacity 39342K, committed 39424K, reserved 40320K
}
Event: 1355.488 GC heap before
{Heap before GC invocations=137 (full 6):
 def new generation   total 22272K, used 21369K [0x03e00000, 0x05620000, 0x19350000)
  eden space 19840K, 100% used [0x03e00000, 0x05160000, 0x05160000)
  from space 2432K,  62% used [0x05160000, 0x052de488, 0x053c0000)
  to   space 2432K,   0% used [0x053c0000, 0x053c0000, 0x05620000)
 tenured generation   total 49252K, used 47847K [0x19350000, 0x1c369000, 0x43e00000)
   the space 49252K,  97% used [0x19350000, 0x1c209f00, 0x1c20a000, 0x1c369000)
 Metaspace       used 38003K, capacity 39376K, committed 39424K, reserved 40320K
Event: 1355.514 GC heap after
Heap after GC invocations=138 (full 6):
 def new generation   total 22272K, used 2432K [0x03e00000, 0x05620000, 0x19350000)
  eden space 19840K,   0% used [0x03e00000, 0x03e00000, 0x05160000)
  from space 2432K, 100% used [0x053c0000, 0x05620000, 0x05620000)
  to   space 2432K,   0% used [0x05160000, 0x05160000, 0x053c0000)
 tenured generation   total 49252K, used 49178K [0x19350000, 0x1c369000, 0x43e00000)
   the space 49252K,  99% used [0x19350000, 0x1c356858, 0x1c356a00, 0x1c369000)
 Metaspace       used 38003K, capacity 39376K, committed 39424K, reserved 40320K
}
Event: 1359.884 GC heap before
{Heap before GC invocations=138 (full 6):
 def new generation   total 22272K, used 22272K [0x03e00000, 0x05620000, 0x19350000)
  eden space 19840K, 100% used [0x03e00000, 0x05160000, 0x05160000)
  from space 2432K, 100% used [0x053c0000, 0x05620000, 0x05620000)
  to   space 2432K,   0% used [0x05160000, 0x05160000, 0x053c0000)
 tenured generation   total 49252K, used 49178K [0x19350000, 0x1c369000, 0x43e00000)
   the space 49252K,  99% used [0x19350000, 0x1c356858, 0x1c356a00, 0x1c369000)
 Metaspace       used 38009K, capacity 39376K, committed 39424K, reserved 40320K
Event: 1360.252 GC heap after
Heap after GC invocations=139 (full 7):
 def new generation   total 28352K, used 0K [0x03e00000, 0x05cc0000, 0x19350000)
  eden space 25216K,   0% used [0x03e00000, 0x03e00000, 0x056a0000)
  from space 3136K,   0% used [0x056a0000, 0x056a0000, 0x059b0000)
  to   space 3136K,   0% used [0x059b0000, 0x059b0000, 0x05cc0000)
 tenured generation   total 62788K, used 37672K [0x19350000, 0x1d0a1000, 0x43e00000)
   the space 62788K,  59% used [0x19350000, 0x1b81a2e8, 0x1b81a400, 0x1d0a1000)
 Metaspace       used 37150K, capacity 38304K, committed 39424K, reserved 40320K
}

Deoptimization events (0 events):
No events

Internal exceptions (10 events):
Event: 1368.802 Thread 0x454e5000 Exception <a 'java/security/PrivilegedActionException'> (0x047717d8) thrown at [C:\re\workspace\8-2-build-windows-i586-cygwin\jdk8u31\2394\hotspot\src\share\vm\prims\jvm.cpp, line 1312]
Event: 1368.803 Thread 0x454e5000 Exception <a 'java/security/PrivilegedActionException'> (0x04778ef8) thrown at [C:\re\workspace\8-2-build-windows-i586-cygwin\jdk8u31\2394\hotspot\src\share\vm\prims\jvm.cpp, line 1312]
Event: 1368.805 Thread 0x454e5000 Exception <a 'java/security/PrivilegedActionException'> (0x04782728) thrown at [C:\re\workspace\8-2-build-windows-i586-cygwin\jdk8u31\2394\hotspot\src\share\vm\prims\jvm.cpp, line 1312]
Event: 1368.816 Thread 0x454e5000 Exception <a 'java/security/PrivilegedActionException'> (0x047df8f8) thrown at [C:\re\workspace\8-2-build-windows-i586-cygwin\jdk8u31\2394\hotspot\src\share\vm\prims\jvm.cpp, line 1312]
Event: 1368.828 Thread 0x454e5000 Exception <a 'java/security/PrivilegedActionException'> (0x047e5318) thrown at [C:\re\workspace\8-2-build-windows-i586-cygwin\jdk8u31\2394\hotspot\src\share\vm\prims\jvm.cpp, line 1312]
Event: 1374.711 Thread 0x454e5000 Exception <a 'java/security/PrivilegedActionException'> (0x04804ff8) thrown at [C:\re\workspace\8-2-build-windows-i586-cygwin\jdk8u31\2394\hotspot\src\share\vm\prims\jvm.cpp, line 1312]
Event: 1374.744 Thread 0x454e5000 Exception <a 'java/security/PrivilegedActionException'> (0x04812448) thrown at [C:\re\workspace\8-2-build-windows-i586-cygwin\jdk8u31\2394\hotspot\src\share\vm\prims\jvm.cpp, line 1312]
Event: 1374.747 Thread 0x454e5000 Exception <a 'java/security/PrivilegedActionException'> (0x04816b78) thrown at [C:\re\workspace\8-2-build-windows-i586-cygwin\jdk8u31\2394\hotspot\src\share\vm\prims\jvm.cpp, line 1312]
Event: 1374.748 Thread 0x454e5000 Exception <a 'java/security/PrivilegedActionException'> (0x0481bed8) thrown at [C:\re\workspace\8-2-build-windows-i586-cygwin\jdk8u31\2394\hotspot\src\share\vm\prims\jvm.cpp, line 1312]
Event: 1374.750 Thread 0x454e5000 Exception <a 'java/security/PrivilegedActionException'> (0x04821a50) thrown at [C:\re\workspace\8-2-build-windows-i586-cygwin\jdk8u31\2394\hotspot\src\share\vm\prims\jvm.cpp, line 1312]

Events (10 events):
Event: 1374.711 loading class com/android/builder/internal/aapt/v2/AaptV2CommandBuilder
Event: 1374.711 loading class com/android/builder/internal/aapt/v2/AaptV2CommandBuilder done
Event: 1374.744 loading class com/android/tools/aapt2/Aapt2Result
Event: 1374.744 loading class com/android/tools/aapt2/Aapt2Result done
Event: 1374.746 loading class com/android/tools/aapt2/Aapt2Result$Builder
Event: 1374.746 loading class com/android/tools/aapt2/Aapt2Result$Builder done
Event: 1374.748 loading class com/android/tools/aapt2/AutoValue_Aapt2Result$Builder
Event: 1374.748 loading class com/android/tools/aapt2/AutoValue_Aapt2Result$Builder done
Event: 1374.750 loading class com/android/tools/aapt2/AutoValue_Aapt2Result
Event: 1374.750 loading class com/android/tools/aapt2/AutoValue_Aapt2Result done


Dynamic libraries:
0x00d40000 - 0x00d70000 	C:\Program Files\Java\jdk1.8.0_31\bin\java.exe
0x77c60000 - 0x77d9c000 	C:\Windows\SYSTEM32\ntdll.dll
0x62000000 - 0x6202f000 	C:\Program Files\AVAST Software\Avast\aswhookx.dll
0x76ab0000 - 0x76b84000 	C:\Windows\system32\kernel32.dll
0x75f80000 - 0x75fca000 	C:\Windows\system32\KERNELBASE.dll
0x76bf0000 - 0x76c90000 	C:\Windows\system32\ADVAPI32.dll
0x76c90000 - 0x76d3c000 	C:\Windows\system32\msvcrt.dll
0x767a0000 - 0x767b9000 	C:\Windows\SYSTEM32\sechost.dll
0x766f0000 - 0x76791000 	C:\Windows\system32\RPCRT4.dll
0x76140000 - 0x76209000 	C:\Windows\system32\USER32.dll
0x76690000 - 0x766de000 	C:\Windows\system32\GDI32.dll
0x766e0000 - 0x766ea000 	C:\Windows\system32\LPK.dll
0x76520000 - 0x765bd000 	C:\Windows\system32\USP10.dll
0x74d40000 - 0x74ede000 	C:\Windows\WinSxS\x86_microsoft.windows.common-controls_6595b64144ccf1df_6.0.7601.17514_none_41e6975e2bd6f2b2\COMCTL32.dll
0x77db0000 - 0x77e07000 	C:\Windows\system32\SHLWAPI.dll
0x767c0000 - 0x767df000 	C:\Windows\system32\IMM32.DLL
0x765c0000 - 0x7668c000 	C:\Windows\system32\MSCTF.dll
0x571b0000 - 0x5726f000 	C:\Program Files\Java\jdk1.8.0_31\jre\bin\msvcr100.dll
0x56e00000 - 0x571a4000 	C:\Program Files\Java\jdk1.8.0_31\jre\bin\client\jvm.dll
0x71e00000 - 0x71e07000 	C:\Windows\system32\WSOCK32.dll
0x76870000 - 0x768a5000 	C:\Windows\system32\WS2_32.dll
0x77da0000 - 0x77da6000 	C:\Windows\system32\NSI.dll
0x74390000 - 0x743c2000 	C:\Windows\system32\WINMM.dll
0x76210000 - 0x76215000 	C:\Windows\system32\PSAPI.DLL
0x5f6c0000 - 0x5f6cc000 	C:\Program Files\Java\jdk1.8.0_31\jre\bin\verify.dll
0x5a670000 - 0x5a691000 	C:\Program Files\Java\jdk1.8.0_31\jre\bin\java.dll
0x5a650000 - 0x5a663000 	C:\Program Files\Java\jdk1.8.0_31\jre\bin\zip.dll
0x77010000 - 0x77c5a000 	C:\Windows\system32\SHELL32.dll
0x76220000 - 0x7637c000 	C:\Windows\system32\ole32.dll
0x75db0000 - 0x75dbb000 	C:\Windows\system32\profapi.dll
0x5a630000 - 0x5a645000 	C:\Program Files\Java\jdk1.8.0_31\jre\bin\net.dll
0x75810000 - 0x7584c000 	C:\Windows\system32\mswsock.dll
0x75800000 - 0x75806000 	C:\Windows\System32\wship6.dll
0x61f40000 - 0x61f4f000 	C:\Program Files\Java\jdk1.8.0_31\jre\bin\nio.dll
0x567f0000 - 0x56809000 	C:\Users\PETERR\.gradle\native\25\windows-i386\native-platform.dll
0x5a3f0000 - 0x5a3fa000 	C:\Program Files\Java\jdk1.8.0_31\jre\bin\management.dll
0x75850000 - 0x75866000 	C:\Windows\system32\CRYPTSP.dll
0x755f0000 - 0x7562b000 	C:\Windows\system32\rsaenh.dll
0x75410000 - 0x75427000 	C:\Windows\system32\USERENV.dll
0x75d00000 - 0x75d0c000 	C:\Windows\system32\CRYPTBASE.dll
0x72910000 - 0x7292c000 	C:\Windows\system32\IPHLPAPI.DLL
0x72900000 - 0x72907000 	C:\Windows\system32\WINNSI.DLL
0x72530000 - 0x72542000 	C:\Windows\system32\dhcpcsvc.DLL
0x72310000 - 0x7231d000 	C:\Windows\system32\dhcpcsvc6.DLL
0x64b40000 - 0x64b58000 	C:\Users\PETERR\AppData\Local\Temp\aapt2_8233050340193272824\libwinpthread-1.dll
0x63940000 - 0x63bfb000 	C:\Users\PETERR\AppData\Local\Temp\aapt2_8233050340193272824\libaapt2_jni.dll
0x717f0000 - 0x718db000 	C:\Windows\system32\dbghelp.dll

VM Arguments:
jvm_args: -Xmx1024m -Dfile.encoding=windows-1252 -Duser.country=US -Duser.language=en -Duser.variant 
java_command: org.gradle.launcher.daemon.bootstrap.GradleDaemon 4.1-rc-1
java_class_path (initial): C:\Users\PETERR\.gradle\wrapper\dists\gradle-4.1-rc-1-all\936kh1brdchce6fvd2c1o8t8x\gradle-4.1-rc-1\lib\gradle-launcher-4.1.jar
Launcher Type: SUN_STANDARD

Environment Variables:
JAVA_HOME=C:\Program Files\Java\jdk1.8.0_31
PATH=C:\Python27\;C:\Python27\Scripts;C:\ProgramData\Oracle\Java\javapath;C:\Windows\system32;C:\Windows;C:\Windows\System32\Wbem;C:\Windows\System32\WindowsPowerShell\v1.0\;C:\Program Files\MATLAB\R2007b\bin;C:\Program Files\MATLAB\R2007b\bin\win32;C:\Program Files\Git\cmd;C:\Program Files\nodejs\;C:\Users\PETERR\AppData\Local\Programs\Python\Python36-32\Scripts\;C:\Users\PETERR\AppData\Local\Programs\Python\Python36-32\;C:\Program Files\Microsoft VS Code\bin;C:\Users\PETERR\AppData\Roaming\npm
USERNAME=PETERR
OS=Windows_NT
PROCESSOR_IDENTIFIER=x86 Family 6 Model 22 Stepping 1, GenuineIntel



---------------  S Y S T E M  ---------------

OS: Windows 7 Build 7601 Service Pack 1

CPU:total 1 (1 cores per cpu, 1 threads per core) family 6 model 22 stepping 1, cmov, cx8, fxsr, mmx, sse, sse2, sse3, ssse3, tsc

Memory: 4k page, physical 3136824k(1043244k free), swap 9417308k(7251680k free)

vm_info: Java HotSpot(TM) Client VM (25.31-b07) for windows-x86 JRE (1.8.0_31-b13), built on Dec 17 2014 20:46:12 by "java_re" with MS VC++ 10.0 (VS2010)

time: Fri Mar 16 22:32:32 2018
elapsed time: 1374 seconds (0d 0h 22m 54s)

